<?xml version="1.0" encoding="UTF-8"?><testsuite errors="1" failures="0" name="successfully create users" skipped="0" tests="1" time="73.48" timestamp="2022-11-29 04:36:25"><testcase name="create an user successfully"><error message="no such element: Unable to locate element: {&quot;method&quot;:&quot;xpath&quot;,&quot;selector&quot;:&quot;(//span[contains(text(),'yasi115')])[2]&quot;}&#10;  (Session info: chrome=104.0.5112.82)&#10;For documentation on this error, please visit: https://www.seleniumhq.org/exceptions/no_such_element.html&#10;Build info: version: '3.141.59', revision: 'e82be7d358', time: '2018-11-14T08:17:03'&#10;System info: host: 'DESKTOP-CVHC6L1', ip: '192.168.1.89', os.name: 'Windows 10', os.arch: 'amd64', os.version: '10.0', java.version: '1.8.0_342'&#10;Driver info: org.openqa.selenium.chrome.ChromeDriver&#10;Capabilities {acceptInsecureCerts: false, browserName: chrome, browserVersion: 104.0.5112.82, chrome: {chromedriverVersion: 104.0.5112.79 (3cf3e8c8a07d..., userDataDir: C:\Users\Yasira\AppData\Loc...}, goog:chromeOptions: {debuggerAddress: localhost:54001}, javascriptEnabled: true, networkConnectionEnabled: false, pageLoadStrategy: normal, platform: WINDOWS, platformName: WINDOWS, proxy: Proxy(), setWindowRect: true, strictFileInteractability: false, timeouts: {implicit: 0, pageLoad: 300000, script: 30000}, unhandledPromptBehavior: dismiss and notify, webauthn:extension:credBlob: true, webauthn:extension:largeBlob: true, webauthn:virtualAuthenticators: true}&#10;Session ID: cba79b62a9228454fc31c3ebd2f81735&#10;*** Element info: {Using=xpath, value=(//span[contains(text(),'yasi115')])[2]}" type="java.lang.AssertionError">no such element: Unable to locate element: {"method":"xpath","selector":"(//span[contains(text(),'yasi115')])[2]"}
  (Session info: chrome=104.0.5112.82)
For documentation on this error, please visit: https://www.seleniumhq.org/exceptions/no_such_element.html
Build info: version: '3.141.59', revision: 'e82be7d358', time: '2018-11-14T08:17:03'
System info: host: 'DESKTOP-CVHC6L1', ip: '192.168.1.89', os.name: 'Windows 10', os.arch: 'amd64', os.version: '10.0', java.version: '1.8.0_342'
Driver info: org.openqa.selenium.chrome.ChromeDriver
Capabilities {acceptInsecureCerts: false, browserName: chrome, browserVersion: 104.0.5112.82, chrome: {chromedriverVersion: 104.0.5112.79 (3cf3e8c8a07d..., userDataDir: C:\Users\Yasira\AppData\Loc...}, goog:chromeOptions: {debuggerAddress: localhost:54001}, javascriptEnabled: true, networkConnectionEnabled: false, pageLoadStrategy: normal, platform: WINDOWS, platformName: WINDOWS, proxy: Proxy(), setWindowRect: true, strictFileInteractability: false, timeouts: {implicit: 0, pageLoad: 300000, script: 30000}, unhandledPromptBehavior: dismiss and notify, webauthn:extension:credBlob: true, webauthn:extension:largeBlob: true, webauthn:virtualAuthenticators: true}
Session ID: cba79b62a9228454fc31c3ebd2f81735
*** Element info: {Using=xpath, value=(//span[contains(text(),'yasi115')])[2]}</error><system-err>no such element: Unable to locate element: {"method":"xpath","selector":"(//span[contains(text(),'yasi115')])[2]"}
  (Session info: chrome=104.0.5112.82)
For documentation on this error, please visit: https://www.seleniumhq.org/exceptions/no_such_element.html
Build info: version: '3.141.59', revision: 'e82be7d358', time: '2018-11-14T08:17:03'
System info: host: 'DESKTOP-CVHC6L1', ip: '192.168.1.89', os.name: 'Windows 10', os.arch: 'amd64', os.version: '10.0', java.version: '1.8.0_342'
Driver info: org.openqa.selenium.chrome.ChromeDriver
Capabilities {acceptInsecureCerts: false, browserName: chrome, browserVersion: 104.0.5112.82, chrome: {chromedriverVersion: 104.0.5112.79 (3cf3e8c8a07d..., userDataDir: C:\Users\Yasira\AppData\Loc...}, goog:chromeOptions: {debuggerAddress: localhost:54001}, javascriptEnabled: true, networkConnectionEnabled: false, pageLoadStrategy: normal, platform: WINDOWS, platformName: WINDOWS, proxy: Proxy(), setWindowRect: true, strictFileInteractability: false, timeouts: {implicit: 0, pageLoad: 300000, script: 30000}, unhandledPromptBehavior: dismiss and notify, webauthn:extension:credBlob: true, webauthn:extension:largeBlob: true, webauthn:virtualAuthenticators: true}
Session ID: cba79b62a9228454fc31c3ebd2f81735
*** Element info: {Using=xpath, value=(//span[contains(text(),'yasi115')])[2]}&#13;
co.com.bancolombia.certification.advantagedemo.stepdefinitions.CreateUsersSteps.iValidateTheCorrectUserCreation(CreateUsersSteps.java:33)&#13;
âœ½.I validate the correct user creation(src/test/resources/Features/create_users.feature:9)&#13;
</system-err></testcase></testsuite>